<?xml version="1.0" encoding="UTF-8"?>
<!-- Generated by org.testng.reporters.JUnitXMLReporter -->
<testsuite ignored="10" hostname="SLIDEQA2" failures="0" tests="1" name="ResolutionTest" time="393.655" errors="0" timestamp="2022-04-06T18:03:48 IST">
  <testcase classname="testCases.PopularPPts" name="checkResolutionForpopularPPts" time="393.633"/>
  <testcase classname="testCases.SliPages" name="checkResolutionForSliPages" time="0.0">
    <ignored/>
  </testcase> <!-- checkResolutionForSliPages -->
  <testcase classname="testCases.BaseClass" name="@BeforeSuite setUp" time="0.0">
    <ignored/>
  </testcase> <!-- @BeforeSuite setUp -->
  <testcase classname="testCases.BaseClass" name="@BeforeSuite setUp" time="0.0">
    <ignored/>
  </testcase> <!-- @BeforeSuite setUp -->
  <testcase classname="testCases.BaseClass" name="@BeforeSuite setUp" time="0.0">
    <ignored/>
  </testcase> <!-- @BeforeSuite setUp -->
  <testcase classname="testCases.A4Pages" name="checkResolutionForA4Pages" time="0.0">
    <ignored/>
  </testcase> <!-- checkResolutionForA4Pages -->
  <testcase classname="testCases.WidgetsPages" name="checkResolutionForWidgets" time="0.0">
    <ignored/>
  </testcase> <!-- checkResolutionForWidgets -->
  <testcase classname="testCases.BaseClass" name="@BeforeSuite setUp" time="0.0">
    <ignored/>
  </testcase> <!-- @BeforeSuite setUp -->
  <testcase classname="testCases.BaseClass" name="@BeforeSuite setUp" time="0.0">
    <ignored/>
  </testcase> <!-- @BeforeSuite setUp -->
  <testcase classname="testCases.WindowResolutions" name="checkResolution" time="0.0">
    <ignored/>
  </testcase> <!-- checkResolution -->
  <testcase classname="testCases.NewlyProducts" name="checkResolutionForNewlyProducts" time="0.0">
    <ignored/>
  </testcase> <!-- checkResolutionForNewlyProducts -->
</testsuite> <!-- ResolutionTest -->
