<?xml version="1.0" encoding="UTF-8"?>
<testng-results ignored="0" total="1" passed="1" failed="0" skipped="0">
  <reporter-output>
  </reporter-output>
  <suite started-at="2022-04-11T10:53:35 IST" name="Default suite" finished-at="2022-04-11T11:02:23 IST" duration-ms="528876">
    <groups>
    </groups>
    <test started-at="2022-04-11T10:53:35 IST" name="Default test" finished-at="2022-04-11T11:02:23 IST" duration-ms="528876">
      <class name="testCases.PopularPPts">
        <test-method is-config="true" signature="setUp()[pri:0, instance:testCases.PopularPPts@130c12b7]" started-at="2022-04-11T10:53:35 IST" name="setUp" finished-at="2022-04-11T10:53:35 IST" duration-ms="64" status="PASS">
          <reporter-output>
          </reporter-output>
        </test-method> <!-- setUp -->
        <test-method signature="checkResolutionForpopularPPts(int,int)[pri:0, instance:testCases.PopularPPts@130c12b7]" started-at="2022-04-11T10:53:35 IST" name="checkResolutionForpopularPPts" data-provider="windowResolution" finished-at="2022-04-11T11:02:23 IST" duration-ms="528852" status="PASS">
          <params>
            <param index="0">
              <value>
                <![CDATA[1280]]>
              </value>
            </param>
            <param index="1">
              <value>
                <![CDATA[720]]>
              </value>
            </param>
          </params>
          <reporter-output>
          </reporter-output>
        </test-method> <!-- checkResolutionForpopularPPts -->
      </class> <!-- testCases.PopularPPts -->
    </test> <!-- Default test -->
  </suite> <!-- Default suite -->
</testng-results>
